nohup: ignoring input

> bangerrequest-mio@0.1.0 dev
> next dev --turbopack -H 0.0.0.0

   ▲ Next.js 15.5.3 (Turbopack)
   - Local:        http://localhost:3000
   - Network:      http://0.0.0.0:3000
   - Environments: .env.local

 ✓ Starting...
 ✓ Ready in 1147ms
 ○ Compiling /api/health ...
 ✓ Compiled /api/health in 4.5s
 GET /api/health 200 in 5325ms
 ○ Compiling / ...
 ✓ Compiled / in 7s
 GET / 200 in 7524ms
 ✓ Compiled /dj in 371ms
 GET /dj 200 in 486ms
 ✓ Compiled /dj/home in 423ms
 GET /dj/home 200 in 535ms
 GET /dj/home 200 in 108ms
 ✓ Compiled /dj/libere in 428ms
 GET /dj/libere 200 in 531ms
 ○ Compiling /api/libere/admin ...
 ✓ Compiled /api/libere/admin in 802ms
 GET /api/libere/admin?action=sessions 500 in 1102ms
 GET /api/libere/admin?action=sessions 500 in 244ms
